[0224/111209.163:ERROR:crash_report_database_win.cc(563)] CreateDirectory C:\Program Files (x86)\Jarhair\Reports\Dump: The system cannot find the path specified. (0x3)
[0224/111209.167:ERROR:registration_protocol_win.cc(84)] TransactNamedPipe: The pipe has been ended. (0x6D)
[0224/111209.168:ERROR:crash_report_database_win.cc(563)] CreateDirectory C:\Program Files (x86)\Jarhair\Reports\Dump: The system cannot find the path specified. (0x3)
[0224/112638.171:ERROR:crash_report_database_win.cc(563)] CreateDirectory C:\Program Files (x86)\Jarhair\Reports\Dump: The system cannot find the path specified. (0x3)
[0224/112638.184:ERROR:registration_protocol_win.cc(84)] TransactNamedPipe: The pipe has been ended. (0x6D)
[0224/112638.186:ERROR:crash_report_database_win.cc(563)] CreateDirectory C:\Program Files (x86)\Jarhair\Reports\Dump: The system cannot find the path specified. (0x3)
[0224/112712.031:ERROR:crash_report_database_win.cc(563)] CreateDirectory C:\Program Files (x86)\Jarhair\Reports\Dump: The system cannot find the path specified. (0x3)
[0224/112712.035:ERROR:registration_protocol_win.cc(84)] TransactNamedPipe: The pipe has been ended. (0x6D)
[0224/112712.036:ERROR:crash_report_database_win.cc(563)] CreateDirectory C:\Program Files (x86)\Jarhair\Reports\Dump: The system cannot find the path specified. (0x3)
[0226/103552.157:ERROR:crash_report_database_win.cc(563)] CreateDirectory C:\Program Files (x86)\reports: Access is denied. (0x5)
[0226/103552.185:ERROR:registration_protocol_win.cc(84)] TransactNamedPipe: The pipe has been ended. (0x6D)
[0226/103552.186:ERROR:crash_report_database_win.cc(563)] CreateDirectory C:\Program Files (x86)\reports: Access is denied. (0x5)
[0226/103552.257:ERROR:crashpad_client_win.cc(660)] crash server failed to launch, no dump captured
[0302/194929.378:ERROR:file_io_win.cc(163)] CreateFile C:\Program Files (x86)\settings.dat: Access is denied. (0x5)
[0302/194929.424:ERROR:registration_protocol_win.cc(84)] TransactNamedPipe: The pipe has been ended. (0x6D)
[0302/194929.427:ERROR:file_io_win.cc(163)] CreateFile C:\Program Files (x86)\settings.dat: Access is denied. (0x5)
[0302/194929.505:ERROR:crashpad_client_win.cc(660)] crash server failed to launch, no dump captured
[0303/150532.336:ERROR:file_io_win.cc(163)] CreateFile C:\Program Files (x86)\settings.dat: Access is denied. (0x5)
[0303/150532.803:ERROR:registration_protocol_win.cc(84)] TransactNamedPipe: The pipe has been ended. (0x6D)
[0303/150532.804:ERROR:file_io_win.cc(163)] CreateFile C:\Program Files (x86)\settings.dat: Access is denied. (0x5)
[0303/150532.877:ERROR:crashpad_client_win.cc(660)] crash server failed to launch, no dump captured
[0303/150829.639:ERROR:file_io_win.cc(163)] CreateFile C:\Program Files (x86)\settings.dat: Access is denied. (0x5)
[0303/150829.679:ERROR:registration_protocol_win.cc(84)] TransactNamedPipe: The pipe has been ended. (0x6D)
[0303/150829.680:ERROR:file_io_win.cc(163)] CreateFile C:\Program Files (x86)\settings.dat: Access is denied. (0x5)
[0303/150831.782:ERROR:crashpad_client_win.cc(660)] crash server failed to launch, no dump captured
[0304/192220.512:ERROR:file_io_win.cc(163)] CreateFile C:\Program Files (x86)\settings.dat: Access is denied. (0x5)
[0304/192220.666:ERROR:registration_protocol_win.cc(84)] TransactNamedPipe: The pipe has been ended. (0x6D)
[0304/192220.672:ERROR:file_io_win.cc(163)] CreateFile C:\Program Files (x86)\settings.dat: Access is denied. (0x5)
[0304/192221.870:ERROR:crashpad_client_win.cc(660)] crash server failed to launch, no dump captured
[0304/194221.703:ERROR:file_io_win.cc(163)] CreateFile C:\Program Files (x86)\settings.dat: Access is denied. (0x5)
[0304/194221.705:ERROR:registration_protocol_win.cc(84)] TransactNamedPipe: The pipe has been ended. (0x6D)
[0304/194221.707:ERROR:file_io_win.cc(163)] CreateFile C:\Program Files (x86)\settings.dat: Access is denied. (0x5)
[0304/194223.047:ERROR:crashpad_client_win.cc(660)] crash server failed to launch, no dump captured
[0304/194236.807:ERROR:file_io_win.cc(163)] CreateFile C:\Program Files (x86)\settings.dat: Access is denied. (0x5)
[0304/194236.810:ERROR:registration_protocol_win.cc(84)] TransactNamedPipe: The pipe has been ended. (0x6D)
[0304/194236.812:ERROR:file_io_win.cc(163)] CreateFile C:\Program Files (x86)\settings.dat: Access is denied. (0x5)
[0304/194236.920:ERROR:crashpad_client_win.cc(660)] crash server failed to launch, no dump captured
[0304/194340.478:ERROR:file_io_win.cc(163)] CreateFile C:\Program Files (x86)\settings.dat: Access is denied. (0x5)
[0304/194340.481:ERROR:registration_protocol_win.cc(84)] TransactNamedPipe: The pipe has been ended. (0x6D)
[0304/194340.483:ERROR:file_io_win.cc(163)] CreateFile C:\Program Files (x86)\settings.dat: Access is denied. (0x5)
[0304/194342.898:ERROR:crashpad_client_win.cc(660)] crash server failed to launch, no dump captured
